TN:
SF:src\App.tsx
FN:3,App
FNF:1
FNH:1
FNDA:1,App
DA:1,1
DA:3,1
DA:4,1
DA:5,1
LF:4
LH:4
BRDA:3,0,0,1
BRF:1
BRH:1
end_of_record
TN:
SF:src\api\calculatorApi.ts
FN:7,calculate
FNF:1
FNH:1
FNDA:3,calculate
DA:7,3
DA:8,3
DA:9,3
DA:10,3
DA:11,1
DA:12,1
LF:6
LH:6
BRDA:7,0,0,3
BRDA:10,1,0,2
BRDA:10,2,0,1
BRDA:10,3,0,1
BRDA:10,4,0,1
BRF:5
BRH:5
end_of_record
TN:
SF:src\components\Calculator.tsx
FN:16,parseInput
FN:18,Calculator
FN:28,selectOperation
FN:30,onSubmit
FN:44,onClick
FN:46,onChange
FN:47,onChange
FNF:7
FNH:7
FNDA:10,parseInput
FNDA:25,Calculator
FNDA:4,selectOperation
FNDA:5,onSubmit
FNDA:4,onClick
FNDA:5,onChange
FNDA:2,onChange
DA:1,1
DA:6,1
DA:7,1
DA:8,1
DA:9,1
DA:10,1
DA:11,1
DA:12,1
DA:13,1
DA:14,1
DA:16,10
DA:18,25
DA:19,25
DA:20,25
DA:21,25
DA:22,25
DA:23,25
DA:24,25
DA:25,25
DA:26,25
DA:28,25
DA:30,25
DA:31,5
DA:32,5
DA:33,5
DA:34,5
DA:35,3
DA:36,5
DA:37,1
DA:38,3
DA:39,5
DA:41,25
DA:42,25
DA:43,25
DA:44,25
DA:45,25
DA:46,25
DA:47,25
DA:48,25
DA:49,25
DA:50,25
DA:51,25
DA:52,25
DA:53,25
DA:54,25
LF:45
LH:45
BRDA:16,0,0,10
BRDA:16,1,0,4
BRDA:16,2,0,6
BRDA:16,3,0,0
BRDA:18,4,0,25
BRDA:46,5,0,2
BRDA:46,6,0,23
BRDA:47,7,0,19
BRDA:47,8,0,2
BRDA:47,9,0,17
BRDA:47,10,0,0
BRDA:47,11,0,2
BRDA:47,12,0,17
BRDA:47,13,0,0
BRDA:49,14,0,3
BRDA:49,15,0,22
BRDA:50,16,0,3
BRDA:52,17,0,2
BRDA:52,18,0,23
BRDA:52,19,0,23
BRDA:52,20,0,2
BRDA:26,21,0,82
BRDA:28,22,0,4
BRDA:30,23,0,5
BRDA:33,24,0,1
BRDA:33,25,0,4
BRDA:34,26,0,3
BRDA:34,27,0,1
BRDA:34,28,0,3
BRDA:36,29,0,2
BRDA:36,30,0,1
BRDA:36,31,0,2
BRDA:36,32,0,1
BRDA:37,33,0,0
BRDA:37,34,0,3
BRDA:44,35,0,175
BRDA:44,36,0,25
BRDA:44,37,0,150
BRDA:44,38,0,4
BRDA:46,39,0,5
BRDA:47,40,0,2
BRF:41
BRH:37
end_of_record
